This is pdfTeX, Version 3.141592653-2.6-1.40.23 (TeX Live 2021/W32TeX) (preloaded format=pdflatex 2022.3.15)  15 MAR 2022 11:49
entering extended mode
 restricted \write18 enabled.
 %&-line parsing enabled.
**_main.tex
(./_main.tex
LaTeX2e <2021-11-15> patch level 1
L3 programming layer <2022-02-24> (c:/Users/RDEL1VMM/AppData/Roaming/TinyTeX/texmf-dist/tex/latex/base/book.cls
Document Class: book 2021/10/04 v1.4n Standard LaTeX document class
(c:/Users/RDEL1VMM/AppData/Roaming/TinyTeX/texmf-dist/tex/latex/base/bk10.clo
File: bk10.clo 2021/10/04 v1.4n Standard LaTeX file (size option)
)
\c@part=\count185
\c@chapter=\count186
\c@section=\count187
\c@subsection=\count188
\c@subsubsection=\count189
\c@paragraph=\count190
\c@subparagraph=\count191
\c@figure=\count192
\c@table=\count193
\abovecaptionskip=\skip47
\belowcaptionskip=\skip48
\bibindent=\dimen138
) (c:/Users/RDEL1VMM/AppData/Roaming/TinyTeX/texmf-dist/tex/latex/amsmath/amsmath.sty
Package: amsmath 2021/10/15 v2.17l AMS math features
\@mathmargin=\skip49

For additional information on amsmath, use the `?' option.
(c:/Users/RDEL1VMM/AppData/Roaming/TinyTeX/texmf-dist/tex/latex/amsmath/amstext.sty
Package: amstext 2021/08/26 v2.01 AMS text
 (c:/Users/RDEL1VMM/AppData/Roaming/TinyTeX/texmf-dist/tex/latex/amsmath/amsgen.sty
File: amsgen.sty 1999/11/30 v2.0 generic functions
\@emptytoks=\toks16
\ex@=\dimen139
)) (c:/Users/RDEL1VMM/AppData/Roaming/TinyTeX/texmf-dist/tex/latex/amsmath/amsbsy.sty
Package: amsbsy 1999/11/29 v1.2d Bold Symbols
\pmbraise@=\dimen140
) (c:/Users/RDEL1VMM/AppData/Roaming/TinyTeX/texmf-dist/tex/latex/amsmath/amsopn.sty
Package: amsopn 2021/08/26 v2.02 operator names
)
\inf@bad=\count194
LaTeX Info: Redefining \frac on input line 234.
\uproot@=\count195
\leftroot@=\count196
LaTeX Info: Redefining \overline on input line 399.
\classnum@=\count197
\DOTSCASE@=\count198
LaTeX Info: Redefining \ldots on input line 496.
LaTeX Info: Redefining \dots on input line 499.
LaTeX Info: Redefining \cdots on input line 620.
\Mathstrutbox@=\box50
\strutbox@=\box51
\big@size=\dimen141
LaTeX Font Info:    Redeclaring font encoding OML on input line 743.
LaTeX Font Info:    Redeclaring font encoding OMS on input line 744.
\macc@depth=\count199
\c@MaxMatrixCols=\count266
\dotsspace@=\muskip16
\c@parentequation=\count267
\dspbrk@lvl=\count268
\tag@help=\toks17
\row@=\count269
\column@=\count270
\maxfields@=\count271
\andhelp@=\toks18
\eqnshift@=\dimen142
\alignsep@=\dimen143
\tagshift@=\dimen144
\tagwidth@=\dimen145
\totwidth@=\dimen146
\lineht@=\dimen147
\@envbody=\toks19
\multlinegap=\skip50
\multlinetaggap=\skip51
\mathdisplay@stack=\toks20
LaTeX Info: Redefining \[ on input line 2938.
LaTeX Info: Redefining \] on input line 2939.
) (c:/Users/RDEL1VMM/AppData/Roaming/TinyTeX/texmf-dist/tex/latex/amsfonts/amssymb.sty
Package: amssymb 2013/01/14 v3.01 AMS font symbols
 (c:/Users/RDEL1VMM/AppData/Roaming/TinyTeX/texmf-dist/tex/latex/amsfonts/amsfonts.sty
Package: amsfonts 2013/01/14 v3.01 Basic AMSFonts support
\symAMSa=\mathgroup4
\symAMSb=\mathgroup5
LaTeX Font Info:    Redeclaring math symbol \hbar on input line 98.
LaTeX Font Info:    Overwriting math alphabet `\mathfrak' in version `bold'
(Font)                  U/euf/m/n --> U/euf/b/n on input line 106.
)) (c:/Users/RDEL1VMM/AppData/Roaming/TinyTeX/texmf-dist/tex/latex/lm/lmodern.sty
Package: lmodern 2015/05/01 v1.6.1 Latin Modern Fonts
LaTeX Font Info:    Overwriting symbol font `operators' in version `normal'
(Font)                  OT1/cmr/m/n --> OT1/lmr/m/n on input line 22.
LaTeX Font Info:    Overwriting symbol font `letters' in version `normal'
(Font)                  OML/cmm/m/it --> OML/lmm/m/it on input line 23.
LaTeX Font Info:    Overwriting symbol font `symbols' in version `normal'
(Font)                  OMS/cmsy/m/n --> OMS/lmsy/m/n on input line 24.
LaTeX Font Info:    Overwriting symbol font `largesymbols' in version `normal'
(Font)                  OMX/cmex/m/n --> OMX/lmex/m/n on input line 25.
LaTeX Font Info:    Overwriting symbol font `operators' in version `bold'
(Font)                  OT1/cmr/bx/n --> OT1/lmr/bx/n on input line 26.
LaTeX Font Info:    Overwriting symbol font `letters' in version `bold'
(Font)                  OML/cmm/b/it --> OML/lmm/b/it on input line 27.
LaTeX Font Info:    Overwriting symbol font `symbols' in version `bold'
(Font)                  OMS/cmsy/b/n --> OMS/lmsy/b/n on input line 28.
LaTeX Font Info:    Overwriting symbol font `largesymbols' in version `bold'
(Font)                  OMX/cmex/m/n --> OMX/lmex/m/n on input line 29.
LaTeX Font Info:    Overwriting math alphabet `\mathbf' in version `normal'
(Font)                  OT1/cmr/bx/n --> OT1/lmr/bx/n on input line 31.
LaTeX Font Info:    Overwriting math alphabet `\mathsf' in version `normal'
(Font)                  OT1/cmss/m/n --> OT1/lmss/m/n on input line 32.
LaTeX Font Info:    Overwriting math alphabet `\mathit' in version `normal'
(Font)                  OT1/cmr/m/it --> OT1/lmr/m/it on input line 33.
LaTeX Font Info:    Overwriting math alphabet `\mathtt' in version `normal'
(Font)                  OT1/cmtt/m/n --> OT1/lmtt/m/n on input line 34.
LaTeX Font Info:    Overwriting math alphabet `\mathbf' in version `bold'
(Font)                  OT1/cmr/bx/n --> OT1/lmr/bx/n on input line 35.
LaTeX Font Info:    Overwriting math alphabet `\mathsf' in version `bold'
(Font)                  OT1/cmss/bx/n --> OT1/lmss/bx/n on input line 36.
LaTeX Font Info:    Overwriting math alphabet `\mathit' in version `bold'
(Font)                  OT1/cmr/bx/it --> OT1/lmr/bx/it on input line 37.
LaTeX Font Info:    Overwriting math alphabet `\mathtt' in version `bold'
(Font)                  OT1/cmtt/m/n --> OT1/lmtt/m/n on input line 38.
) (c:/Users/RDEL1VMM/AppData/Roaming/TinyTeX/texmf-dist/tex/generic/iftex/iftex.sty
Package: iftex 2022/02/03 v1.0f TeX engine tests
) (c:/Users/RDEL1VMM/AppData/Roaming/TinyTeX/texmf-dist/tex/latex/base/fontenc.sty
Package: fontenc 2021/04/29 v2.0v Standard LaTeX package
LaTeX Font Info:    Trying to load font information for T1+lmr on input line 112.
 (c:/Users/RDEL1VMM/AppData/Roaming/TinyTeX/texmf-dist/tex/latex/lm/t1lmr.fd
File: t1lmr.fd 2015/05/01 v1.6.1 Font defs for Latin Modern
)) (c:/Users/RDEL1VMM/AppData/Roaming/TinyTeX/texmf-dist/tex/latex/base/inputenc.sty
Package: inputenc 2021/02/14 v1.3d Input encoding file
\inpenc@prehook=\toks21
\inpenc@posthook=\toks22
) (c:/Users/RDEL1VMM/AppData/Roaming/TinyTeX/texmf-dist/tex/latex/base/textcomp.sty
Package: textcomp 2020/02/02 v2.0n Standard LaTeX package
) (c:/Users/RDEL1VMM/AppData/Roaming/TinyTeX/texmf-dist/tex/latex/xcolor/xcolor.sty
Package: xcolor 2021/10/31 v2.13 LaTeX color extensions (UK)
 (c:/Users/RDEL1VMM/AppData/Roaming/TinyTeX/texmf-dist/tex/latex/graphics-cfg/color.cfg
File: color.cfg 2016/01/02 v1.6 sample color configuration
)
Package xcolor Info: Driver file: pdftex.def on input line 227.
 (c:/Users/RDEL1VMM/AppData/Roaming/TinyTeX/texmf-dist/tex/latex/graphics-def/pdftex.def
File: pdftex.def 2020/10/05 v1.2a Graphics/color driver for pdftex
)
Package xcolor Info: Model `cmy' substituted by `cmy0' on input line 1352.
Package xcolor Info: Model `hsb' substituted by `rgb' on input line 1356.
Package xcolor Info: Model `RGB' extended on input line 1368.
Package xcolor Info: Model `HTML' substituted by `rgb' on input line 1370.
Package xcolor Info: Model `Hsb' substituted by `hsb' on input line 1371.
Package xcolor Info: Model `tHsb' substituted by `hsb' on input line 1372.
Package xcolor Info: Model `HSB' substituted by `hsb' on input line 1373.
Package xcolor Info: Model `Gray' substituted by `gray' on input line 1374.
Package xcolor Info: Model `wave' substituted by `hsb' on input line 1375.
) (c:/Users/RDEL1VMM/AppData/Roaming/TinyTeX/texmf-dist/tex/latex/hyperref/hyperref.sty
Package: hyperref 2022-02-21 v7.00n Hypertext links for LaTeX
 (c:/Users/RDEL1VMM/AppData/Roaming/TinyTeX/texmf-dist/tex/generic/ltxcmds/ltxcmds.sty
Package: ltxcmds 2020-05-10 v1.25 LaTeX kernel commands for general use (HO)
) (c:/Users/RDEL1VMM/AppData/Roaming/TinyTeX/texmf-dist/tex/generic/pdftexcmds/pdftexcmds.sty
Package: pdftexcmds 2020-06-27 v0.33 Utility functions of pdfTeX for LuaTeX (HO)
 (c:/Users/RDEL1VMM/AppData/Roaming/TinyTeX/texmf-dist/tex/generic/infwarerr/infwarerr.sty
Package: infwarerr 2019/12/03 v1.5 Providing info/warning/error messages (HO)
)
Package pdftexcmds Info: \pdf@primitive is available.
Package pdftexcmds Info: \pdf@ifprimitive is available.
Package pdftexcmds Info: \pdfdraftmode found.
) (c:/Users/RDEL1VMM/AppData/Roaming/TinyTeX/texmf-dist/tex/latex/graphics/keyval.sty
Package: keyval 2014/10/28 v1.15 key=value parser (DPC)
\KV@toks@=\toks23
) (c:/Users/RDEL1VMM/AppData/Roaming/TinyTeX/texmf-dist/tex/generic/kvsetkeys/kvsetkeys.sty
Package: kvsetkeys 2019/12/15 v1.18 Key value parser (HO)
) (c:/Users/RDEL1VMM/AppData/Roaming/TinyTeX/texmf-dist/tex/generic/kvdefinekeys/kvdefinekeys.sty
Package: kvdefinekeys 2019-12-19 v1.6 Define keys (HO)
) (c:/Users/RDEL1VMM/AppData/Roaming/TinyTeX/texmf-dist/tex/generic/pdfescape/pdfescape.sty
Package: pdfescape 2019/12/09 v1.15 Implements pdfTeX's escape features (HO)
) (c:/Users/RDEL1VMM/AppData/Roaming/TinyTeX/texmf-dist/tex/latex/hycolor/hycolor.sty
Package: hycolor 2020-01-27 v1.10 Color options for hyperref/bookmark (HO)
) (c:/Users/RDEL1VMM/AppData/Roaming/TinyTeX/texmf-dist/tex/latex/letltxmacro/letltxmacro.sty
Package: letltxmacro 2019/12/03 v1.6 Let assignment for LaTeX macros (HO)
) (c:/Users/RDEL1VMM/AppData/Roaming/TinyTeX/texmf-dist/tex/latex/auxhook/auxhook.sty
Package: auxhook 2019-12-17 v1.6 Hooks for auxiliary files (HO)
) (c:/Users/RDEL1VMM/AppData/Roaming/TinyTeX/texmf-dist/tex/latex/kvoptions/kvoptions.sty
Package: kvoptions 2020-10-07 v3.14 Key value format for package options (HO)
)
\@linkdim=\dimen148
\Hy@linkcounter=\count272
\Hy@pagecounter=\count273
 (c:/Users/RDEL1VMM/AppData/Roaming/TinyTeX/texmf-dist/tex/latex/hyperref/pd1enc.def
File: pd1enc.def 2022-02-21 v7.00n Hyperref: PDFDocEncoding definition (HO)
Now handling font encoding PD1 ...
... no UTF-8 mapping file for font encoding PD1
) (c:/Users/RDEL1VMM/AppData/Roaming/TinyTeX/texmf-dist/tex/generic/intcalc/intcalc.sty
Package: intcalc 2019/12/15 v1.3 Expandable calculations with integers (HO)
) (c:/Users/RDEL1VMM/AppData/Roaming/TinyTeX/texmf-dist/tex/generic/etexcmds/etexcmds.sty
Package: etexcmds 2019/12/15 v1.7 Avoid name clashes with e-TeX commands (HO)
)
\Hy@SavedSpaceFactor=\count274
 (c:/Users/RDEL1VMM/AppData/Roaming/TinyTeX/texmf-dist/tex/latex/hyperref/puenc.def
File: puenc.def 2022-02-21 v7.00n Hyperref: PDF Unicode definition (HO)
Now handling font encoding PU ...
... no UTF-8 mapping file for font encoding PU
)
Package hyperref Info: Option `unicode' set `true' on input line 4018.
Package hyperref Info: Hyper figures OFF on input line 4137.
Package hyperref Info: Link nesting OFF on input line 4142.
Package hyperref Info: Hyper index ON on input line 4145.
Package hyperref Info: Plain pages OFF on input line 4152.
Package hyperref Info: Backreferencing OFF on input line 4157.
Package hyperref Info: Implicit mode ON; LaTeX internals redefined.
Package hyperref Info: Bookmarks ON on input line 4390.
\c@Hy@tempcnt=\count275
 (c:/Users/RDEL1VMM/AppData/Roaming/TinyTeX/texmf-dist/tex/latex/url/url.sty
\Urlmuskip=\muskip17
Package: url 2013/09/16  ver 3.4  Verb mode for urls, etc.
)
LaTeX Info: Redefining \url on input line 4749.
\XeTeXLinkMargin=\dimen149
 (c:/Users/RDEL1VMM/AppData/Roaming/TinyTeX/texmf-dist/tex/generic/bitset/bitset.sty
Package: bitset 2019/12/09 v1.3 Handle bit-vector datatype (HO)
 (c:/Users/RDEL1VMM/AppData/Roaming/TinyTeX/texmf-dist/tex/generic/bigintcalc/bigintcalc.sty
Package: bigintcalc 2019/12/15 v1.5 Expandable calculations on big integers (HO)
))
\Fld@menulength=\count276
\Field@Width=\dimen150
\Fld@charsize=\dimen151
Package hyperref Info: Hyper figures OFF on input line 6027.
Package hyperref Info: Link nesting OFF on input line 6032.
Package hyperref Info: Hyper index ON on input line 6035.
Package hyperref Info: backreferencing OFF on input line 6042.
Package hyperref Info: Link coloring OFF on input line 6047.
Package hyperref Info: Link coloring with OCG OFF on input line 6052.
Package hyperref Info: PDF/A mode OFF on input line 6057.
LaTeX Info: Redefining \ref on input line 6097.
LaTeX Info: Redefining \pageref on input line 6101.
 (c:/Users/RDEL1VMM/AppData/Roaming/TinyTeX/texmf-dist/tex/latex/base/atbegshi-ltx.sty
Package: atbegshi-ltx 2021/01/10 v1.0c Emulation of the original atbegshi
package with kernel methods
)
\Hy@abspage=\count277
\c@Item=\count278
\c@Hfootnote=\count279
)
Package hyperref Info: Driver (autodetected): hpdftex.
 (c:/Users/RDEL1VMM/AppData/Roaming/TinyTeX/texmf-dist/tex/latex/hyperref/hpdftex.def
File: hpdftex.def 2022-02-21 v7.00n Hyperref driver for pdfTeX
 (c:/Users/RDEL1VMM/AppData/Roaming/TinyTeX/texmf-dist/tex/latex/base/atveryend-ltx.sty
Package: atveryend-ltx 2020/08/19 v1.0a Emulation of the original atveryend package
with kernel methods
)
\Fld@listcount=\count280
\c@bookmark@seq@number=\count281
 (c:/Users/RDEL1VMM/AppData/Roaming/TinyTeX/texmf-dist/tex/latex/rerunfilecheck/rerunfilecheck.sty
Package: rerunfilecheck 2019/12/05 v1.9 Rerun checks for auxiliary files (HO)
 (c:/Users/RDEL1VMM/AppData/Roaming/TinyTeX/texmf-dist/tex/generic/uniquecounter/uniquecounter.sty
Package: uniquecounter 2019/12/15 v1.4 Provide unlimited unique counter (HO)
)
Package uniquecounter Info: New unique counter `rerunfilecheck' on input line 286.
)
\Hy@SectionHShift=\skip52
) (c:/Users/RDEL1VMM/AppData/Roaming/TinyTeX/texmf-dist/tex/latex/fancyvrb/fancyvrb.sty
Package: fancyvrb 2021/12/21 4.1b verbatim text (tvz,hv)
\FV@CodeLineNo=\count282
\FV@InFile=\read2
\FV@TabBox=\box52
\c@FancyVerbLine=\count283
\FV@StepNumber=\count284
\FV@OutFile=\write3
) (c:/Users/RDEL1VMM/AppData/Roaming/TinyTeX/texmf-dist/tex/latex/framed/framed.sty
Package: framed 2011/10/22 v 0.96: framed or shaded text with page breaks
\OuterFrameSep=\skip53
\fb@frw=\dimen152
\fb@frh=\dimen153
\FrameRule=\dimen154
\FrameSep=\dimen155
) (c:/Users/RDEL1VMM/AppData/Roaming/TinyTeX/texmf-dist/tex/latex/tools/longtable.sty
Package: longtable 2021-09-01 v4.17 Multi-page Table package (DPC)
\LTleft=\skip54
\LTright=\skip55
\LTpre=\skip56
\LTpost=\skip57
\LTchunksize=\count285
\LTcapwidth=\dimen156
\LT@head=\box53
\LT@firsthead=\box54
\LT@foot=\box55
\LT@lastfoot=\box56
\LT@gbox=\box57
\LT@cols=\count286
\LT@rows=\count287
\c@LT@tables=\count288
\c@LT@chunks=\count289
\LT@p@ftn=\toks24
) (c:/Users/RDEL1VMM/AppData/Roaming/TinyTeX/texmf-dist/tex/latex/booktabs/booktabs.sty
Package: booktabs 2020/01/12 v1.61803398 Publication quality tables
\heavyrulewidth=\dimen157
\lightrulewidth=\dimen158
\cmidrulewidth=\dimen159
\belowrulesep=\dimen160
\belowbottomsep=\dimen161
\aboverulesep=\dimen162
\abovetopsep=\dimen163
\cmidrulesep=\dimen164
\cmidrulekern=\dimen165
\defaultaddspace=\dimen166
\@cmidla=\count290
\@cmidlb=\count291
\@aboverulesep=\dimen167
\@belowrulesep=\dimen168
\@thisruleclass=\count292
\@lastruleclass=\count293
\@thisrulewidth=\dimen169
) (c:/Users/RDEL1VMM/AppData/Roaming/TinyTeX/texmf-dist/tex/latex/tools/array.sty
Package: array 2021/10/04 v2.5f Tabular extension package (FMi)
\col@sep=\dimen170
\ar@mcellbox=\box58
\extrarowheight=\dimen171
\NC@list=\toks25
\extratabsurround=\skip58
\backup@length=\skip59
\ar@cellbox=\box59
) (c:/Users/RDEL1VMM/AppData/Roaming/TinyTeX/texmf-dist/tex/latex/tools/calc.sty
Package: calc 2017/05/25 v4.3 Infix arithmetic (KKT,FJ)
\calc@Acount=\count294
\calc@Bcount=\count295
\calc@Adimen=\dimen172
\calc@Bdimen=\dimen173
\calc@Askip=\skip60
\calc@Bskip=\skip61
LaTeX Info: Redefining \setlength on input line 80.
LaTeX Info: Redefining \addtolength on input line 81.
\calc@Ccount=\count296
\calc@Cskip=\skip62
) (c:/Users/RDEL1VMM/AppData/Roaming/TinyTeX/texmf-dist/tex/latex/etoolbox/etoolbox.sty
Package: etoolbox 2020/10/05 v2.5k e-TeX tools for LaTeX (JAW)
\etb@tempcnta=\count297
) (c:/Users/RDEL1VMM/AppData/Roaming/TinyTeX/texmf-dist/tex/latex/mdwtools/footnote.sty
Package: footnote 1997/01/28 1.13 Save footnotes around boxes
\fn@notes=\box60
\fn@width=\dimen174
) (c:/Users/RDEL1VMM/AppData/Roaming/TinyTeX/texmf-dist/tex/latex/graphics/graphicx.sty
Package: graphicx 2021/09/16 v1.2d Enhanced LaTeX Graphics (DPC,SPQR)
 (c:/Users/RDEL1VMM/AppData/Roaming/TinyTeX/texmf-dist/tex/latex/graphics/graphics.sty
Package: graphics 2021/03/04 v1.4d Standard LaTeX Graphics (DPC,SPQR)
 (c:/Users/RDEL1VMM/AppData/Roaming/TinyTeX/texmf-dist/tex/latex/graphics/trig.sty
Package: trig 2021/08/11 v1.11 sin cos tan (DPC)
) (c:/Users/RDEL1VMM/AppData/Roaming/TinyTeX/texmf-dist/tex/latex/graphics-cfg/graphics.cfg
File: graphics.cfg 2016/06/04 v1.11 sample graphics configuration
)
Package graphics Info: Driver file: pdftex.def on input line 107.
)
\Gin@req@height=\dimen175
\Gin@req@width=\dimen176
) (c:/Users/RDEL1VMM/AppData/Roaming/TinyTeX/texmf-dist/tex/latex/natbib/natbib.sty
Package: natbib 2010/09/13 8.31b (PWD, AO)
\bibhang=\skip63
\bibsep=\skip64
LaTeX Info: Redefining \cite on input line 694.
\c@NAT@ctr=\count298
) (c:/Users/RDEL1VMM/AppData/Roaming/TinyTeX/texmf-dist/tex/latex/l3backend/l3backend-pdftex.def
File: l3backend-pdftex.def 2022-02-07 L3 backend support: PDF output (pdfTeX)
\l__color_backend_stack_int=\count299
\l__pdf_internal_box=\box61
) (./_main.aux

! Package natbib Error: Bibliography not compatible with author-year citations.
(natbib)                Press <return> to continue in numerical citation style.

See the natbib package documentation for explanation.
Type  H <return>  for immediate help.
 ...                                              
                                                  
l.308 ...and\NAT@force@numbers{}\NAT@force@numbers
                                                  
Check the bibliography entries for non-compliant syntax,
or select author-year BibTeX style, e.g. plainnat

)
\openout1 = `_main.aux'.

LaTeX Font Info:    Checking defaults for OML/cmm/m/it on input line 122.
LaTeX Font Info:    ... okay on input line 122.
LaTeX Font Info:    Checking defaults for OMS/cmsy/m/n on input line 122.
LaTeX Font Info:    ... okay on input line 122.
LaTeX Font Info:    Checking defaults for OT1/cmr/m/n on input line 122.
LaTeX Font Info:    ... okay on input line 122.
LaTeX Font Info:    Checking defaults for T1/cmr/m/n on input line 122.
LaTeX Font Info:    ... okay on input line 122.
LaTeX Font Info:    Checking defaults for TS1/cmr/m/n on input line 122.
LaTeX Font Info:    ... okay on input line 122.
LaTeX Font Info:    Checking defaults for OMX/cmex/m/n on input line 122.
LaTeX Font Info:    ... okay on input line 122.
LaTeX Font Info:    Checking defaults for U/cmr/m/n on input line 122.
LaTeX Font Info:    ... okay on input line 122.
LaTeX Font Info:    Checking defaults for PD1/pdf/m/n on input line 122.
LaTeX Font Info:    ... okay on input line 122.
LaTeX Font Info:    Checking defaults for PU/pdf/m/n on input line 122.
LaTeX Font Info:    ... okay on input line 122.
 (c:/Users/RDEL1VMM/AppData/Roaming/TinyTeX/texmf-dist/tex/latex/epstopdf-pkg/epstopdf-base.sty
Package: epstopdf-base 2020-01-24 v2.11 Base part for package epstopdf
Package epstopdf-base Info: Redefining graphics rule for `.eps' on input line 485.
 (c:/Users/RDEL1VMM/AppData/Roaming/TinyTeX/texmf-dist/tex/latex/latexconfig/epstopdf-sys.cfg
File: epstopdf-sys.cfg 2010/07/13 v1.3 Configuration of (r)epstopdf for TeX Live
))
Package hyperref Info: Link coloring OFF on input line 122.
 (c:/Users/RDEL1VMM/AppData/Roaming/TinyTeX/texmf-dist/tex/latex/hyperref/nameref.sty
Package: nameref 2021-04-02 v2.47 Cross-referencing by name of section
 (c:/Users/RDEL1VMM/AppData/Roaming/TinyTeX/texmf-dist/tex/latex/refcount/refcount.sty
Package: refcount 2019/12/15 v3.6 Data extraction from label references (HO)
) (c:/Users/RDEL1VMM/AppData/Roaming/TinyTeX/texmf-dist/tex/generic/gettitlestring/gettitlestring.sty
Package: gettitlestring 2019/12/15 v1.6 Cleanup title references (HO)
)
\c@section@level=\count300
)
LaTeX Info: Redefining \ref on input line 122.
LaTeX Info: Redefining \pageref on input line 122.
LaTeX Info: Redefining \nameref on input line 122.
 (./_main.out) (./_main.out)
\@outlinefile=\write4
\openout4 = `_main.out'.

LaTeX Font Info:    Trying to load font information for OT1+lmr on input line 124.
 (c:/Users/RDEL1VMM/AppData/Roaming/TinyTeX/texmf-dist/tex/latex/lm/ot1lmr.fd
File: ot1lmr.fd 2015/05/01 v1.6.1 Font defs for Latin Modern
)
LaTeX Font Info:    Trying to load font information for OML+lmm on input line 124.
 (c:/Users/RDEL1VMM/AppData/Roaming/TinyTeX/texmf-dist/tex/latex/lm/omllmm.fd
File: omllmm.fd 2015/05/01 v1.6.1 Font defs for Latin Modern
)
LaTeX Font Info:    Trying to load font information for OMS+lmsy on input line 124.
 (c:/Users/RDEL1VMM/AppData/Roaming/TinyTeX/texmf-dist/tex/latex/lm/omslmsy.fd
File: omslmsy.fd 2015/05/01 v1.6.1 Font defs for Latin Modern
)
LaTeX Font Info:    Trying to load font information for OMX+lmex on input line 124.
 (c:/Users/RDEL1VMM/AppData/Roaming/TinyTeX/texmf-dist/tex/latex/lm/omxlmex.fd
File: omxlmex.fd 2015/05/01 v1.6.1 Font defs for Latin Modern
)
LaTeX Font Info:    External font `lmex10' loaded for size
(Font)              <12> on input line 124.
LaTeX Font Info:    External font `lmex10' loaded for size
(Font)              <8> on input line 124.
LaTeX Font Info:    External font `lmex10' loaded for size
(Font)              <6> on input line 124.
LaTeX Font Info:    Trying to load font information for U+msa on input line 124.
 (c:/Users/RDEL1VMM/AppData/Roaming/TinyTeX/texmf-dist/tex/latex/amsfonts/umsa.fd
File: umsa.fd 2013/01/14 v3.01 AMS symbols A
)
LaTeX Font Info:    Trying to load font information for U+msb on input line 124.
 (c:/Users/RDEL1VMM/AppData/Roaming/TinyTeX/texmf-dist/tex/latex/amsfonts/umsb.fd
File: umsb.fd 2013/01/14 v3.01 AMS symbols B
)
Overfull \hbox (320.9791pt too wide) in paragraph at lines 124--124
 [][] 
 []

[1


{c:/Users/RDEL1VMM/AppData/Roaming/TinyTeX/texmf-var/fonts/map/pdftex/updmap/pdftex.map}] [2

] (./_main.toc
LaTeX Font Info:    External font `lmex10' loaded for size
(Font)              <10> on input line 2.
LaTeX Font Info:    External font `lmex10' loaded for size
(Font)              <7> on input line 2.
LaTeX Font Info:    External font `lmex10' loaded for size
(Font)              <5> on input line 2.
 [3])
\tf@toc=\write5
\openout5 = `_main.toc'.

 [4] [5

]
LaTeX Font Info:    Trying to load font information for TS1+lmr on input line 163.
 (c:/Users/RDEL1VMM/AppData/Roaming/TinyTeX/texmf-dist/tex/latex/lm/ts1lmr.fd
File: ts1lmr.fd 2015/05/01 v1.6.1 Font defs for Latin Modern
)
Underfull \hbox (badness 10000) in paragraph at lines 175--177

 []

[6]
Underfull \hbox (badness 10000) in paragraph at lines 183--185

 []


Underfull \hbox (badness 10000) in paragraph at lines 195--197

 []


Underfull \hbox (badness 10000) in paragraph at lines 197--199

 []


Underfull \hbox (badness 10000) in paragraph at lines 199--201

 []


Underfull \hbox (badness 10000) in paragraph at lines 203--205

 []


Underfull \hbox (badness 10000) in paragraph at lines 205--207

 []


Underfull \hbox (badness 10000) in paragraph at lines 207--209

 []


Underfull \hbox (badness 10000) in paragraph at lines 209--211

 []


Underfull \hbox (badness 10000) in paragraph at lines 217--219

 []


Underfull \hbox (badness 5091) in paragraph at lines 219--222
[]\T1/lmr/m/it/10 USFWS\T1/lmr/m/n/10 : U.S. Fish and Wildlife Ser-vice.```{r, echo=FALSE, in-
 []


Overfull \hbox (1.33449pt too wide) in paragraph at lines 219--222
\T1/lmr/m/n/10 clude=FALSE} #Mark-down op-tions knitr::opts_chunk$set(echo=FALSE,
 []


Underfull \hbox (badness 3219) in paragraph at lines 227--237
\T1/lmr/m/n/10 li-brary(spData) #Ge-o-graphic data li-brary(raster) #Geospa-tial func-tions
 []

[7]
LaTeX Font Info:    Trying to load font information for T1+lmtt on input line 246.
 (c:/Users/RDEL1VMM/AppData/Roaming/TinyTeX/texmf-dist/tex/latex/lm/t1lmtt.fd
File: t1lmtt.fd 2015/05/01 v1.6.1 Font defs for Latin Modern
)
Overfull \hbox (9152.2224pt too wide) in paragraph at lines 257--257
[]\T1/lmtt/m/n/10 In response to Superstorm Sandy and associated Congressional directives ([PL 113-2](https://www.congress.gov/113/plaws/publ2/PLAW-113publ2.pdf)), the North Atlantic Coast Comprehensive Study ([NACCS](https://www.nad.usace.army.mil/CompStudy/)) identified nine focus areas with populations vulnerable to coastal flooding risk. Three of these areas are in the New York Bight ecosystem, and the U.S. Army Corps of Engineers (USACE) is conducting three large-scale coastal storm risk management (CSRM) feasibility studies. The New Jersey Back Bays ([NJBB](https://www.nap.usace.army.mil/Missions/Civil-Works/New-Jersey-Back-Bays-Coastal-Storm-Risk-Management/)) study is investigating 900 mi^2^ of land and water areas along with 3,400 mi of shoreline spanning a significant portion of New Jersey's Atlantic coastline. The New York-New Jersey Harbor & Tributaries Study ([HATS](https://www.nan.usace.army.mil/Missions/Civil-Works/Projects-in-New-York/New-York-New-Jersey-Harbor-Tributaries-Focus-Area-Feasibility-Study/)) is examining 2,100 mi^2^ and comprises parts of 25 counties in the two states.  The Nassau County Back Bays ([NCBB](https://www.nap.usace.army.mil/Missions/Civil-Works/Nassau-County-Back-Bays-Study/)) study is investigating flood risk in 400 mi^2^ of land and water areas on Long Island's southern shore. Objectives of these studies include issues such as: (a) reduction of coastal storm damage risks to communities, public infrastructure, important societal resources, and the environment, (b) improvement of a community's ability to recover from storm surge damages, (c) enhancement of human health and safety by improving performance of critical infrastructure and natural features during and after storm surge events, and (d) enhancement of coastal resilience with nature-based features.[] 
 []

<ZZ_Fig01_USACE.Studies.jpeg, id=270, 578.16pt x 578.16pt>
File: ZZ_Fig01_USACE.Studies.jpeg Graphic file (type jpg)
<use ZZ_Fig01_USACE.Studies.jpeg>
Package pdftex.def Info: ZZ_Fig01_USACE.Studies.jpeg  used on input line 261.
(pdftex.def)             Requested size: 344.99312pt x 344.99312pt.

Underfull \vbox (badness 5622) has occurred while \output is active []

 [8] [9 <./ZZ_Fig01_USACE.Studies.jpeg>] [10] [11] [12

]
Chapter 1.

Package natbib Warning: Citation `fischenich_application_2008' on page 13 undefined on input line 310.

[13]

Package natbib Warning: Author undefined for citation`us_fish_and_wildlife_service_usfws_significant_1997' 
(natbib)                on page 14 on input line 334.

[14]
<ZZ_Fig02_NYBEM.Extent.jpeg, id=323, 578.16pt x 578.16pt>
File: ZZ_Fig02_NYBEM.Extent.jpeg Graphic file (type jpg)
<use ZZ_Fig02_NYBEM.Extent.jpeg>
Package pdftex.def Info: ZZ_Fig02_NYBEM.Extent.jpeg  used on input line 347.
(pdftex.def)             Requested size: 344.99312pt x 344.99312pt.
 [15] [16 <./ZZ_Fig02_NYBEM.Extent.jpeg>]
Overfull \hbox (703.14783pt too wide) in paragraph at lines 383--402
 [][] 
 []

[17] [18] [19] [20

]
Chapter 2.

Package natbib Warning: Citation `fischenich_application_2008' on page 21 undefined on input line 441.


Package natbib Warning: Author undefined for citation`twilley_formulation_nodate' 
(natbib)                on page 21 on input line 441.


Package natbib Warning: Citation `fischenich_application_2008' on page 21 undefined on input line 441.

[21]
Overfull \hbox (1647.9846pt too wide) in paragraph at lines 468--487
 [][] 
 []

[22]
<ZZ_Fig03_NYBEM.ConModel.jpg, id=389, 1495.7481pt x 754.7397pt>
File: ZZ_Fig03_NYBEM.ConModel.jpg Graphic file (type jpg)
<use ZZ_Fig03_NYBEM.ConModel.jpg>
Package pdftex.def Info: ZZ_Fig03_NYBEM.ConModel.jpg  used on input line 501.
(pdftex.def)             Requested size: 344.99623pt x 174.08168pt.


Package natbib Warning: Author undefined for citation`us_fish_and_wildlife_service_usfws_significant_1997' 
(natbib)                on page 23 on input line 508.

[23 <./ZZ_Fig03_NYBEM.ConModel.jpg>]
Overfull \hbox (255.84302pt too wide) in paragraph at lines 531--542
 [][] 
 []


Underfull \hbox (badness 10000) in paragraph at lines 559--561

 []


Underfull \hbox (badness 10000) in paragraph at lines 561--563

 []


Underfull \hbox (badness 10000) in paragraph at lines 563--565

 []

[24]
Underfull \hbox (badness 10000) in paragraph at lines 565--567

 []

[25] [26]
Chapter 3.
<ZZ_Fig04_NYBEM.Architecture.png, id=421, 631.35875pt x 415.05063pt>
File: ZZ_Fig04_NYBEM.Architecture.png Graphic file (type png)
<use ZZ_Fig04_NYBEM.Architecture.png>
Package pdftex.def Info: ZZ_Fig04_NYBEM.Architecture.png  used on input line 583.
(pdftex.def)             Requested size: 345.00372pt x 226.80292pt.
[27

]
Underfull \hbox (badness 10000) in paragraph at lines 594--596

 []


Underfull \hbox (badness 10000) in paragraph at lines 596--598

 []


Underfull \hbox (badness 10000) in paragraph at lines 598--600

 []


Underfull \hbox (badness 10000) in paragraph at lines 600--602

 []


Underfull \hbox (badness 10000) in paragraph at lines 602--604

 []

[28 <./ZZ_Fig04_NYBEM.Architecture.png>]
Underfull \hbox (badness 10000) in paragraph at lines 604--606

 []


Underfull \hbox (badness 10000) in paragraph at lines 606--608

 []


Underfull \hbox (badness 10000) in paragraph at lines 608--610

 []

[29]
LaTeX Font Info:    Font shape `T1/lmtt/bx/n' in size <10> not available
(Font)              Font shape `T1/lmtt/b/n' tried instead on input line 632.

Underfull \hbox (badness 10000) in paragraph at lines 652--654

 []

[30]

LaTeX Font Warning: Font shape `T1/lmtt/bx/it' in size <10> not available
(Font)              Font shape `T1/lmtt/b/sl' tried instead on input line 661.


Overfull \vbox (2.2127pt too high) detected at line 708
 []

[31] [32] [33] [34] [35] [36] [37] [38] [39] [40] [41] [42] [43] [44] [45] [46] [47] [48] [49]
Underfull \hbox (badness 10000) in paragraph at lines 1303--1303
[]\T1/lmr/bx/n/14.4 New York Bight Over-ar-ch-ing Model
 []

[50]
Chapter 4.
[51

] [52] [53] [54

]
Chapter 5.
[55] [56

]
Chapter 6.
[57]
Underfull \vbox (badness 4981) has occurred while \output is active []

 [58] [59] [60

]
Appendix A.

Underfull \hbox (badness 10000) in paragraph at lines 1435--1437

 []


Underfull \hbox (badness 10000) in paragraph at lines 1437--1439

 []


Underfull \hbox (badness 10000) in paragraph at lines 1447--1449

 []


Underfull \hbox (badness 10000) in paragraph at lines 1449--1451

 []

[61]
Underfull \hbox (badness 10000) in paragraph at lines 1463--1465

 []


Underfull \hbox (badness 10000) in paragraph at lines 1465--1467

 []


Underfull \hbox (badness 10000) in paragraph at lines 1467--1469

 []


Underfull \hbox (badness 10000) in paragraph at lines 1469--1471

 []


Underfull \hbox (badness 10000) in paragraph at lines 1479--1481

 []


Underfull \hbox (badness 10000) in paragraph at lines 1481--1483

 []


Underfull \hbox (badness 10000) in paragraph at lines 1483--1485

 []


Underfull \hbox (badness 10000) in paragraph at lines 1485--1487

 []


Underfull \hbox (badness 10000) in paragraph at lines 1499--1501

 []


Underfull \hbox (badness 10000) in paragraph at lines 1501--1503

 []

[62]
Underfull \hbox (badness 2119) in paragraph at lines 1503--1505
[]\T1/lmr/m/n/10 USACE-ERDC: An-thony Emiren, Dar-ixa Hernandez-Abrams, Tate
 []


Underfull \hbox (badness 10000) in paragraph at lines 1503--1505

 []


Underfull \hbox (badness 10000) in paragraph at lines 1505--1507

 []


Underfull \hbox (badness 10000) in paragraph at lines 1507--1509

 []


Underfull \hbox (badness 10000) in paragraph at lines 1509--1511

 []


Underfull \hbox (badness 10000) in paragraph at lines 1511--1513

 []


Underfull \hbox (badness 10000) in paragraph at lines 1513--1515

 []


Underfull \hbox (badness 10000) in paragraph at lines 1515--1517

 []


Underfull \hbox (badness 10000) in paragraph at lines 1517--1519

 []


Underfull \hbox (badness 10000) in paragraph at lines 1519--1521

 []


Underfull \hbox (badness 10000) in paragraph at lines 1523--1525

 []


Underfull \hbox (badness 10000) in paragraph at lines 1525--1527

 []


Underfull \hbox (badness 10000) in paragraph at lines 1527--1529

 []


Underfull \hbox (badness 10000) in paragraph at lines 1529--1531

 []


Underfull \hbox (badness 10000) in paragraph at lines 1531--1533

 []


Underfull \hbox (badness 10000) in paragraph at lines 1541--1543

 []


Underfull \hbox (badness 10000) in paragraph at lines 1543--1545

 []

[63]
Underfull \hbox (badness 10000) in paragraph at lines 1545--1547

 []


Underfull \hbox (badness 10000) in paragraph at lines 1559--1561

 []


Underfull \hbox (badness 10000) in paragraph at lines 1561--1563

 []


Underfull \hbox (badness 10000) in paragraph at lines 1563--1565

 []


Underfull \hbox (badness 10000) in paragraph at lines 1565--1567

 []


Underfull \hbox (badness 10000) in paragraph at lines 1567--1569

 []


Underfull \hbox (badness 1635) in paragraph at lines 1569--1571
[]\T1/lmr/m/n/10 U.S. En-vi-ron-men-tal Pro-tec-tion Agency: Lin-gaard Knut-son, Lance
 []


Underfull \hbox (badness 10000) in paragraph at lines 1569--1571

 []


Underfull \hbox (badness 10000) in paragraph at lines 1571--1573

 []


Underfull \hbox (badness 10000) in paragraph at lines 1573--1575

 []


Underfull \hbox (badness 10000) in paragraph at lines 1575--1577

 []


Underfull \hbox (badness 10000) in paragraph at lines 1579--1581

 []


Underfull \hbox (badness 10000) in paragraph at lines 1581--1583

 []


Underfull \hbox (badness 10000) in paragraph at lines 1583--1585

 []

[64]
Underfull \hbox (badness 10000) in paragraph at lines 1593--1595

 []


Underfull \hbox (badness 10000) in paragraph at lines 1595--1597

 []


Underfull \hbox (badness 10000) in paragraph at lines 1597--1599

 []

[65] [66

]
Appendix B.

Underfull \hbox (badness 10000) in paragraph at lines 1616--1618

 []


Underfull \hbox (badness 10000) in paragraph at lines 1618--1620

 []

[67]
Underfull \hbox (badness 10000) in paragraph at lines 1620--1622

 []


Underfull \hbox (badness 10000) in paragraph at lines 1630--1632

 []


Underfull \hbox (badness 10000) in paragraph at lines 1632--1634

 []


Underfull \hbox (badness 10000) in paragraph at lines 1634--1636

 []


Underfull \hbox (badness 10000) in paragraph at lines 1646--1648

 []


Underfull \hbox (badness 10000) in paragraph at lines 1648--1650

 []


Underfull \hbox (badness 10000) in paragraph at lines 1650--1652

 []


Underfull \hbox (badness 10000) in paragraph at lines 1660--1662

 []


Underfull \hbox (badness 10000) in paragraph at lines 1662--1664

 []


Underfull \hbox (badness 10000) in paragraph at lines 1664--1666

 []


Underfull \hbox (badness 10000) in paragraph at lines 1676--1678

 []


Underfull \hbox (badness 10000) in paragraph at lines 1678--1680

 []


Underfull \hbox (badness 10000) in paragraph at lines 1680--1682

 []

[68]
Underfull \hbox (badness 10000) in paragraph at lines 1690--1692

 []


Underfull \hbox (badness 10000) in paragraph at lines 1692--1694

 []


Underfull \hbox (badness 10000) in paragraph at lines 1694--1696

 []


Underfull \hbox (badness 10000) in paragraph at lines 1706--1708

 []


Underfull \hbox (badness 10000) in paragraph at lines 1708--1710

 []


Underfull \hbox (badness 10000) in paragraph at lines 1710--1712

 []


Underfull \hbox (badness 10000) in paragraph at lines 1720--1722

 []


Underfull \hbox (badness 10000) in paragraph at lines 1722--1724

 []


Underfull \hbox (badness 10000) in paragraph at lines 1724--1726

 []

[69] [70

]
Appendix C.
[71] [72

]
Appendix D.
(./_main.bbl [73]
Overfull \hbox (87.0729pt too wide) has occurred while \output is active
\T1/lmr/m/n/10 74 \T1/lmr/m/sl/10 APPENDIX D.  NEW YORK / NEW JERSEY HARBOR AND TRIBUTARIES STUDY (HATS)
 []

[74

] [75] [76] [77]

! LaTeX Error: Unicode character ☆ (U+2606)
               not set up for use with LaTeX.

See the LaTeX manual or LaTeX Companion for explanation.
Type  H <return>  for immediate help.
 ...                                              
                                                  
l.234 \newblock Modelling with stakeholders☆
                                              .
You may provide a definition with
\DeclareUnicodeCharacter 

)

Package natbib Warning: There were undefined citations.

[78] (./_main.aux)
Package rerunfilecheck Info: File `_main.out' has not changed.
(rerunfilecheck)             Checksum: BA63B899CBDD8E90516B6326651D13CB;7510.
 ) 
Here is how much of TeX's memory you used:
 12119 strings out of 480236
 191480 string characters out of 5893968
 478284 words of memory out of 5000000
 29559 multiletter control sequences out of 15000+600000
 542762 words of font info for 79 fonts, out of 8000000 for 9000
 14 hyphenation exceptions out of 8191
 60i,8n,63p,2143b,498s stack positions out of 5000i,500n,10000p,200000b,80000s
{c:/Users/RDEL1VMM/AppData/Roaming/TinyTeX/texmf-dist/fonts/enc/dvips/lm/lm-ec.enc}{c:/Users/RDEL1VMM/AppData/Roaming/TinyTeX/texmf-dist/fonts/enc/dvips/lm/lm-ts1.enc}<c:/Users/RDEL1VMM/AppData/Roaming/TinyTeX/texmf-dist/fonts/type1/public/lm/lmbx10.pfb><c:/Users/RDEL1VMM/AppData/Roaming/TinyTeX/texmf-dist/fonts/type1/public/lm/lmbx12.pfb><c:/Users/RDEL1VMM/AppData/Roaming/TinyTeX/texmf-dist/fonts/type1/public/lm/lmbxi10.pfb><c:/Users/RDEL1VMM/AppData/Roaming/TinyTeX/texmf-dist/fonts/type1/public/lm/lmr10.pfb><c:/Users/RDEL1VMM/AppData/Roaming/TinyTeX/texmf-dist/fonts/type1/public/lm/lmr12.pfb><c:/Users/RDEL1VMM/AppData/Roaming/TinyTeX/texmf-dist/fonts/type1/public/lm/lmr17.pfb><c:/Users/RDEL1VMM/AppData/Roaming/TinyTeX/texmf-dist/fonts/type1/public/lm/lmr7.pfb><c:/Users/RDEL1VMM/AppData/Roaming/TinyTeX/texmf-dist/fonts/type1/public/lm/lmri10.pfb><c:/Users/RDEL1VMM/AppData/Roaming/TinyTeX/texmf-dist/fonts/type1/public/lm/lmro10.pfb><c:/Users/RDEL1VMM/AppData/Roaming/TinyTeX/texmf-dist/fonts/type1/public/lm/lmtk10.pfb><c:/Users/RDEL1VMM/AppData/Roaming/TinyTeX/texmf-dist/fonts/type1/public/lm/lmtko10.pfb><c:/Users/RDEL1VMM/AppData/Roaming/TinyTeX/texmf-dist/fonts/type1/public/lm/lmtt10.pfb><c:/Users/RDEL1VMM/AppData/Roaming/TinyTeX/texmf-dist/fonts/type1/public/lm/lmtti10.pfb>
Output written on _main.pdf (78 pages, 10554736 bytes).
PDF statistics:
 946 PDF objects out of 1000 (max. 8388607)
 826 compressed objects within 9 object streams
 300 named destinations out of 1000 (max. 500000)
 365 words of extra memory for PDF output out of 10000 (max. 10000000)

